[2018-04-07T12:27:03.547] [DEBUG] remote - /220/config/FileVersion.xml?v=1523075223218
[2018-04-07T12:27:04.142] [DEBUG] remote - /220/config/Reminder.xml?v=1523075223609
[2018-04-07T12:27:05.186] [DEBUG] remote - /220/config/SanGuoSha.xml?nocache=1523075225nocache=1523075225
[2018-04-07T12:27:05.558] [DEBUG] remote - /220/config/FileVersion.xml?nocache=1523075225nocache=1523075225
[2018-04-07T12:27:23.576] [DEBUG] remote - /220/config/simplified/0a672a87d51fd8cf34bdd4ff09c50cb2_simplified.sgsc?nocache=1522856978nocache=1522856978
[2018-04-07T12:27:41.238] [DEBUG] remote - /220/assets/ModeCommand/331.swf
[2018-04-07T12:28:00.518] [DEBUG] remote - /220/assets/AvatarShow/avataricon/1339.png
[2018-04-07T12:28:00.532] [DEBUG] remote - /220/assets/AvatarShow/avataricon/2628.png
[2018-04-07T12:28:00.566] [DEBUG] remote - /220/assets/AvatarShow/avataricon/2301.png
[2018-04-07T12:28:00.613] [DEBUG] remote - /220/assets/AvatarShow/avataricon/5.png
[2018-04-07T12:28:00.682] [DEBUG] remote - /220/assets/AvatarShow/avataricon/1356.png
[2018-04-07T12:28:00.692] [DEBUG] remote - /220/assets/AvatarShow/avataricon/1827.png
[2018-04-07T12:28:00.860] [DEBUG] remote - /220/assets/AvatarShow/avataricon/1832.png
[2018-04-07T12:28:00.861] [DEBUG] remote - /220/assets/AvatarShow/avataricon/1349.png
[2018-04-07T12:28:00.893] [DEBUG] remote - /220/assets/AvatarShow/avataricon/1731.png
[2018-04-07T12:28:00.925] [DEBUG] remote - /220/assets/AvatarShow/avataricon/2733.png
[2018-04-07T12:28:00.927] [DEBUG] remote - /220/assets/AvatarShow/avataricon/1112.png
[2018-04-07T12:28:01.007] [DEBUG] remote - /220/assets/AvatarShow/avataricon/2844.png
[2018-04-07T12:28:01.182] [DEBUG] remote - /220/assets/AvatarShow/avataricon/2040.png
[2018-04-07T12:28:01.195] [DEBUG] remote - /220/assets/AvatarShow/avataricon/1014.png
[2018-04-07T12:28:01.197] [DEBUG] remote - /220/assets/AvatarShow/avataricon/2427.png
[2018-04-07T12:28:01.223] [DEBUG] remote - /220/assets/AvatarShow/avataricon/20.png
[2018-04-07T12:28:01.228] [DEBUG] remote - /220/assets/AvatarShow/avataricon/1868.png
[2018-04-07T12:28:01.363] [DEBUG] remote - /220/assets/AvatarShow/avataricon/21.png
[2018-04-07T12:28:01.407] [DEBUG] remote - /220/assets/AvatarShow/avataricon/5.png
[2018-04-07T12:28:01.412] [DEBUG] remote - /220/assets/AvatarShow/avataricon/2569.png
[2018-04-07T12:28:01.419] [DEBUG] remote - /220/assets/AvatarShow/avataricon/1356.png
[2018-04-07T12:28:01.441] [DEBUG] remote - /220/assets/AvatarShow/avataricon/1877.png
[2018-04-07T12:28:01.627] [DEBUG] remote - /220/assets/AvatarShow/avataricon/1827.png
[2018-04-07T12:28:01.628] [DEBUG] remote - /220/assets/AvatarShow/avataricon/1752.png
[2018-04-07T12:28:01.937] [DEBUG] remote - /auth/bind/bind_query.php
[2018-04-07T12:28:01.979] [DEBUG] remote - /220/assets/simplified/InfoPic/web_yy0406.png
[2018-04-07T12:28:02.081] [DEBUG] remote - /220/assets/ShopCards/AvatarShow/BackGround/408.png
[2018-04-07T12:28:02.139] [DEBUG] remote - /220/assets/simplified/InfoPic/web_qm0404.png
[2018-04-07T12:28:28.966] [DEBUG] remote - /220/assets/AvatarShow/avatar/1349.png
[2018-04-07T12:28:28.999] [DEBUG] remote - /220/assets/AvatarShow/background/257.png
[2018-04-07T12:28:29.025] [DEBUG] remote - /220/assets/simplified/AvatarShow/border/3031.png
[2018-04-07T12:28:30.392] [DEBUG] remote - /220/assets/ShopCards/GiveBuy/20.png
[2018-04-07T12:28:30.396] [DEBUG] remote - /220/assets/ShopCards/GiveBuy/101001.png
[2018-04-07T12:28:30.398] [DEBUG] remote - /220/assets/ShopCards/GiveBuy/46.png
[2018-04-07T12:28:30.424] [DEBUG] remote - /220/assets/ShopCards/GiveBuy/201.png
[2018-04-07T12:28:30.518] [DEBUG] remote - /220/assets/ShopCards/GiveBuy/205.png
[2018-04-07T12:28:30.538] [DEBUG] remote - /220/assets/ShopCards/GiveBuy/994.png
[2018-04-07T12:28:30.697] [DEBUG] remote - /220/assets/ShopCards/GiveBuy/4501.png
[2018-04-07T12:28:30.716] [DEBUG] remote - /220/assets/ShopCards/GiveBuy/204.png
[2018-04-07T12:28:30.774] [DEBUG] remote - /220/assets/ShopCards/GiveBuy/203.png
[2018-04-07T12:28:30.820] [DEBUG] remote - /220/assets/ShopCards/GiveBuy/112901.png
[2018-04-07T12:28:32.297] [DEBUG] remote - /220/assets/ShopCards/GiveBuy/206.png
[2018-04-07T12:28:32.305] [DEBUG] remote - /220/assets/ShopCards/GiveBuy/30351.png
[2018-04-07T12:28:54.457] [DEBUG] remote - /220/assets/ShopCards/AvatarShow/BackGround/408.png
